1560348860.365129 client started (3185): version 2.6, socket /tmp/tmux-1000/default, protocol 8
1560348860.365216 on Linux 4.15.0-50-generic #54-Ubuntu SMP Mon May 6 18:46:08 UTC 2019; libevent 2.1.8-stable (poll)
1560348860.365282 socket is /tmp/tmux-1000/default
1560348860.365330 trying connect
1560348860.365544 add peer 0x559bac2ea040: 6 ((nil))
1560348860.365726 sending message 100 to peer 0x559bac2ea040 (4 bytes)
1560348860.365763 sending message 101 to peer 0x559bac2ea040 (7 bytes)
1560348860.365785 sending message 102 to peer 0x559bac2ea040 (11 bytes)
1560348860.365805 sending message 108 to peer 0x559bac2ea040 (29 bytes)
1560348860.365827 sending message 104 to peer 0x559bac2ea040 (0 bytes)
1560348860.365849 sending message 107 to peer 0x559bac2ea040 (4 bytes)
1560348860.365870 sending message 105 to peer 0x559bac2ea040 (22 bytes)
1560348860.365891 sending message 105 to peer 0x559bac2ea040 (1516 bytes)
1560348860.365938 sending message 105 to peer 0x559bac2ea040 (34 bytes)
1560348860.365961 sending message 105 to peer 0x559bac2ea040 (11 bytes)
1560348860.365982 sending message 105 to peer 0x559bac2ea040 (15 bytes)
1560348860.366000 sending message 105 to peer 0x559bac2ea040 (11 bytes)
1560348860.366020 sending message 105 to peer 0x559bac2ea040 (27 bytes)
1560348860.366040 sending message 105 to peer 0x559bac2ea040 (24 bytes)
1560348860.366060 sending message 105 to peer 0x559bac2ea040 (20 bytes)
1560348860.366080 sending message 105 to peer 0x559bac2ea040 (11 bytes)
1560348860.366101 sending message 105 to peer 0x559bac2ea040 (41 bytes)
1560348860.366121 sending message 105 to peer 0x559bac2ea040 (52 bytes)
1560348860.366141 sending message 105 to peer 0x559bac2ea040 (18 bytes)
1560348860.366161 sending message 105 to peer 0x559bac2ea040 (47 bytes)
1560348860.366180 sending message 105 to peer 0x559bac2ea040 (9 bytes)
1560348860.366200 sending message 105 to peer 0x559bac2ea040 (21 bytes)
1560348860.366220 sending message 105 to peer 0x559bac2ea040 (18 bytes)
1560348860.366239 sending message 105 to peer 0x559bac2ea040 (33 bytes)
1560348860.366298 sending message 105 to peer 0x559bac2ea040 (49 bytes)
1560348860.366328 sending message 105 to peer 0x559bac2ea040 (26 bytes)
1560348860.366349 sending message 105 to peer 0x559bac2ea040 (33 bytes)
1560348860.366367 sending message 105 to peer 0x559bac2ea040 (15 bytes)
1560348860.366386 sending message 105 to peer 0x559bac2ea040 (21 bytes)
1560348860.366407 sending message 105 to peer 0x559bac2ea040 (19 bytes)
1560348860.366427 sending message 105 to peer 0x559bac2ea040 (19 bytes)
1560348860.366448 sending message 105 to peer 0x559bac2ea040 (35 bytes)
1560348860.366468 sending message 105 to peer 0x559bac2ea040 (21 bytes)
1560348860.366490 sending message 105 to peer 0x559bac2ea040 (81 bytes)
1560348860.366512 sending message 105 to peer 0x559bac2ea040 (43 bytes)
1560348860.366532 sending message 105 to peer 0x559bac2ea040 (25 bytes)
1560348860.366552 sending message 105 to peer 0x559bac2ea040 (18 bytes)
1560348860.366573 sending message 105 to peer 0x559bac2ea040 (86 bytes)
1560348860.366593 sending message 105 to peer 0x559bac2ea040 (19 bytes)
1560348860.366615 sending message 105 to peer 0x559bac2ea040 (17 bytes)
1560348860.366636 sending message 105 to peer 0x559bac2ea040 (12 bytes)
1560348860.366656 sending message 105 to peer 0x559bac2ea040 (16 bytes)
1560348860.366677 sending message 105 to peer 0x559bac2ea040 (52 bytes)
1560348860.366696 sending message 105 to peer 0x559bac2ea040 (18 bytes)
1560348860.366717 sending message 105 to peer 0x559bac2ea040 (20 bytes)
1560348860.366737 sending message 105 to peer 0x559bac2ea040 (18 bytes)
1560348860.366758 sending message 105 to peer 0x559bac2ea040 (25 bytes)
1560348860.366779 sending message 105 to peer 0x559bac2ea040 (52 bytes)
1560348860.366805 sending message 105 to peer 0x559bac2ea040 (13 bytes)
1560348860.366855 sending message 105 to peer 0x559bac2ea040 (15 bytes)
1560348860.366878 sending message 105 to peer 0x559bac2ea040 (8 bytes)
1560348860.366898 sending message 105 to peer 0x559bac2ea040 (18 bytes)
1560348860.366975 sending message 105 to peer 0x559bac2ea040 (18 bytes)
1560348860.367030 sending message 105 to peer 0x559bac2ea040 (16 bytes)
1560348860.367055 sending message 105 to peer 0x559bac2ea040 (12 bytes)
1560348860.367094 sending message 105 to peer 0x559bac2ea040 (54 bytes)
1560348860.367116 sending message 105 to peer 0x559bac2ea040 (31 bytes)
1560348860.367136 sending message 105 to peer 0x559bac2ea040 (33 bytes)
1560348860.367155 sending message 105 to peer 0x559bac2ea040 (58 bytes)
1560348860.367175 sending message 105 to peer 0x559bac2ea040 (30 bytes)
1560348860.367213 sending message 105 to peer 0x559bac2ea040 (43 bytes)
1560348860.367237 sending message 105 to peer 0x559bac2ea040 (179 bytes)
1560348860.367260 sending message 105 to peer 0x559bac2ea040 (74 bytes)
1560348860.367281 sending message 105 to peer 0x559bac2ea040 (20 bytes)
1560348860.367302 sending message 105 to peer 0x559bac2ea040 (32 bytes)
1560348860.367324 sending message 105 to peer 0x559bac2ea040 (18 bytes)
1560348860.367348 sending message 105 to peer 0x559bac2ea040 (16 bytes)
1560348860.367368 sending message 105 to peer 0x559bac2ea040 (16 bytes)
1560348860.367391 sending message 106 to peer 0x559bac2ea040 (0 bytes)
1560348860.367440 sending message 200 to peer 0x559bac2ea040 (4 bytes)
1560348860.367465 client loop enter
1560348860.368686 peer 0x559bac2ea040 message 211
1560348860.368767 peer 0x559bac2ea040 message 203
1560348860.368795 client loop exit
